This file contains any messages produced by compilers while
running configure, to aid debugging if configure makes a mistake.

It was created by CellWriter configure 1.3.5, which was
generated by GNU Autoconf 2.69.  Invocation command line was

  $ ./configure 

## --------- ##
## Platform. ##
## --------- ##

hostname = linux-csy
uname -m = i686
uname -r = 3.2.0-60-generic-pae
uname -s = Linux
uname -v = #91-Ubuntu SMP Wed Feb 19 04:14:56 UTC 2014

/usr/bin/uname -p = unknown
/bin/uname -X     = unknown

/bin/arch              = unknown
/usr/bin/arch -k       = unknown
/usr/convex/getsysinfo = unknown
/usr/bin/hostinfo      = unknown
/bin/machine           = unknown
/usr/bin/oslevel       = unknown
/bin/universe          = unknown

PATH: /usr/local/arm/gcc-linaro-arm-linux-gnueabihf/bin
PATH: /usr/local/arm/arm-2009q3/bin
PATH: /GLORY/Android-UTIL/android-sdk-linux/tools
PATH: /usr/local/jdk1.6.0_45/jre/bin
PATH: /usr/local/bin
PATH: /usr/bin
PATH: /bin
PATH: /usr/games
PATH: /usr/local/jdk1.6.0_45/bin
PATH: /GLORY/MapleV210/ToolChain/arm-2009q3/bin
PATH: /GLORY/Android-UTIL/android-sdk-linux/platform-tools


## ----------- ##
## Core tests. ##
## ----------- ##

configure:2271: checking for a BSD-compatible install
configure:2339: result: /usr/bin/install -c
configure:2350: checking whether build environment is sane
configure:2400: result: yes
configure:2541: checking for a thread-safe mkdir -p
configure:2580: result: /bin/mkdir -p
configure:2593: checking for gawk
configure:2609: found /usr/bin/gawk
configure:2620: result: gawk
configure:2631: checking whether make sets $(MAKE)
configure:2653: result: yes
configure:2799: checking for gcc
configure:2815: found /usr/bin/gcc
configure:2826: result: gcc
configure:3055: checking for C compiler version
configure:3064: gcc --version >&5
gcc (Ubuntu/Linaro 4.6.3-1ubuntu5) 4.6.3
Copyright (C) 2011 Free Software Foundation, Inc.
This is free software; see the source for copying conditions.  There is NO
warranty; not even for MERCHANTABILITY or FITNESS FOR A PARTICULAR PURPOSE.

configure:3075: $? = 0
configure:3064: gcc -v >&5
Using built-in specs.
COLLECT_GCC=gcc
COLLECT_LTO_WRAPPER=/usr/lib/gcc/i686-linux-gnu/4.6/lto-wrapper
Target: i686-linux-gnu
Configured with: ../src/configure -v --with-pkgversion='Ubuntu/Linaro 4.6.3-1ubuntu5' --with-bugurl=file:///usr/share/doc/gcc-4.6/README.Bugs --enable-languages=c,c++,fortran,objc,obj-c++ --prefix=/usr --program-suffix=-4.6 --enable-shared --enable-linker-build-id --with-system-zlib --libexecdir=/usr/lib --without-included-gettext --enable-threads=posix --with-gxx-include-dir=/usr/include/c++/4.6 --libdir=/usr/lib --enable-nls --with-sysroot=/ --enable-clocale=gnu --enable-libstdcxx-debug --enable-libstdcxx-time=yes --enable-gnu-unique-object --enable-plugin --enable-objc-gc --enable-targets=all --disable-werror --with-arch-32=i686 --with-tune=generic --enable-checking=release --build=i686-linux-gnu --host=i686-linux-gnu --target=i686-linux-gnu
Thread model: posix
gcc version 4.6.3 (Ubuntu/Linaro 4.6.3-1ubuntu5) 
configure:3075: $? = 0
configure:3064: gcc -V >&5
gcc: error: unrecognized option '-V'
gcc: fatal error: no input files
compilation terminated.
configure:3075: $? = 4
configure:3064: gcc -qversion >&5
gcc: error: unrecognized option '-qversion'
gcc: fatal error: no input files
compilation terminated.
configure:3075: $? = 4
configure:3095: checking whether the C compiler works
configure:3117: gcc    conftest.c  >&5
configure:3121: $? = 0
configure:3169: result: yes
configure:3172: checking for C compiler default output file name
configure:3174: result: a.out
configure:3180: checking for suffix of executables
configure:3187: gcc -o conftest    conftest.c  >&5
configure:3191: $? = 0
configure:3213: result: 
configure:3235: checking whether we are cross compiling
configure:3243: gcc -o conftest    conftest.c  >&5
configure:3247: $? = 0
configure:3254: ./conftest
configure:3258: $? = 0
configure:3273: result: no
configure:3278: checking for suffix of object files
configure:3300: gcc -c   conftest.c >&5
configure:3304: $? = 0
configure:3325: result: o
configure:3329: checking whether we are using the GNU C compiler
configure:3348: gcc -c   conftest.c >&5
configure:3348: $? = 0
configure:3357: result: yes
configure:3366: checking whether gcc accepts -g
configure:3386: gcc -c -g  conftest.c >&5
configure:3386: $? = 0
configure:3427: result: yes
configure:3444: checking for gcc option to accept ISO C89
configure:3507: gcc  -c -g -O2  conftest.c >&5
configure:3507: $? = 0
configure:3520: result: none needed
configure:3551: checking for style of include used by make
configure:3579: result: GNU
configure:3605: checking dependency style of gcc
configure:3716: result: gcc3
configure:3736: checking for gawk
configure:3763: result: gawk
configure:3779: checking how to run the C preprocessor
configure:3810: gcc -E  conftest.c
configure:3810: $? = 0
configure:3824: gcc -E  conftest.c
conftest.c:13:28: fatal error: ac_nonexistent.h: No such file or directory
compilation terminated.
configure:3824: $? = 1
configure: failed program was:
| /* confdefs.h */
| #define PACKAGE_NAME "CellWriter"
| #define PACKAGE_TARNAME "cellwriter"
| #define PACKAGE_VERSION "1.3.5"
| #define PACKAGE_STRING "CellWriter 1.3.5"
| #define PACKAGE_BUGREPORT "risujin@risujin.org"
| #define PACKAGE_URL ""
| #define PACKAGE "cellwriter"
| #define VERSION "1.3.5"
| #define CELLWRITER_URL "http://risujin.org/cellwriter"
| #define ICON_PATH "/icons/hicolor/scalable/apps/"
| /* end confdefs.h.  */
| #include <ac_nonexistent.h>
configure:3849: result: gcc -E
configure:3869: gcc -E  conftest.c
configure:3869: $? = 0
configure:3883: gcc -E  conftest.c
conftest.c:13:28: fatal error: ac_nonexistent.h: No such file or directory
compilation terminated.
configure:3883: $? = 1
configure: failed program was:
| /* confdefs.h */
| #define PACKAGE_NAME "CellWriter"
| #define PACKAGE_TARNAME "cellwriter"
| #define PACKAGE_VERSION "1.3.5"
| #define PACKAGE_STRING "CellWriter 1.3.5"
| #define PACKAGE_BUGREPORT "risujin@risujin.org"
| #define PACKAGE_URL ""
| #define PACKAGE "cellwriter"
| #define VERSION "1.3.5"
| #define CELLWRITER_URL "http://risujin.org/cellwriter"
| #define ICON_PATH "/icons/hicolor/scalable/apps/"
| /* end confdefs.h.  */
| #include <ac_nonexistent.h>
configure:3915: checking for atan2 in -lm
configure:3940: gcc -o conftest -g -O2   conftest.c -lm   >&5
conftest.c:20:6: warning: conflicting types for built-in function 'atan2' [enabled by default]
configure:3940: $? = 0
configure:3949: result: yes
configure:4018: checking for pkg-config
configure:4036: found /usr/bin/pkg-config
configure:4048: result: /usr/bin/pkg-config
configure:4073: checking pkg-config is at least version 0.9.0
configure:4076: result: yes
configure:4086: checking for GTK
configure:4093: $PKG_CONFIG --exists --print-errors "gtk+-2.0 >= 2.8"
configure:4096: $? = 0
configure:4110: $PKG_CONFIG --exists --print-errors "gtk+-2.0 >= 2.8"
configure:4113: $? = 0
configure:4171: result: yes
configure:4186: checking for gtk_status_icon_new_from_file in -lgtk-x11-2.0
configure:4211: gcc -o conftest -g -O2   conftest.c -lgtk-x11-2.0  -lm  >&5
configure:4211: $? = 0
configure:4220: result: yes
configure:4252: checking for X
configure:4360: gcc -E  conftest.c
configure:4360: $? = 0
configure:4391: gcc -o conftest -g -O2   conftest.c -lX11 -lgtk-x11-2.0 -lm  >&5
configure:4391: $? = 0
configure:4441: result: libraries , headers 
configure:4445: checking for XChangeKeyboardMapping in -lX11
configure:4470: gcc -o conftest -g -O2   conftest.c -lX11  -lgtk-x11-2.0 -lm  >&5
configure:4470: $? = 0
configure:4479: result: yes
configure:4493: checking for XTestFakeKeyEvent in -lXtst
configure:4518: gcc -o conftest -g -O2   conftest.c -lXtst  -lX11 -lgtk-x11-2.0 -lm  >&5
configure:4518: $? = 0
configure:4527: result: yes
configure:4543: checking for grep that handles long lines and -e
configure:4601: result: /bin/grep
configure:4606: checking for egrep
configure:4668: result: /bin/grep -E
configure:4673: checking for ANSI C header files
configure:4693: gcc -c -g -O2  conftest.c >&5
configure:4693: $? = 0
configure:4766: gcc -o conftest -g -O2   conftest.c -lXtst -lX11 -lgtk-x11-2.0 -lm  >&5
configure:4766: $? = 0
configure:4766: ./conftest
configure:4766: $? = 0
configure:4777: result: yes
configure:4787: checking for an ANSI C-conforming const
configure:4853: gcc -c -g -O2  conftest.c >&5
configure:4853: $? = 0
configure:4860: result: yes
configure:4868: checking for inline
configure:4884: gcc -c -g -O2  conftest.c >&5
configure:4884: $? = 0
configure:4892: result: inline
configure:4915: checking for sys/types.h
configure:4915: gcc -c -g -O2  conftest.c >&5
configure:4915: $? = 0
configure:4915: result: yes
configure:4915: checking for sys/stat.h
configure:4915: gcc -c -g -O2  conftest.c >&5
configure:4915: $? = 0
configure:4915: result: yes
configure:4915: checking for stdlib.h
configure:4915: gcc -c -g -O2  conftest.c >&5
configure:4915: $? = 0
configure:4915: result: yes
configure:4915: checking for string.h
configure:4915: gcc -c -g -O2  conftest.c >&5
configure:4915: $? = 0
configure:4915: result: yes
configure:4915: checking for memory.h
configure:4915: gcc -c -g -O2  conftest.c >&5
configure:4915: $? = 0
configure:4915: result: yes
configure:4915: checking for strings.h
configure:4915: gcc -c -g -O2  conftest.c >&5
configure:4915: $? = 0
configure:4915: result: yes
configure:4915: checking for inttypes.h
configure:4915: gcc -c -g -O2  conftest.c >&5
configure:4915: $? = 0
configure:4915: result: yes
configure:4915: checking for stdint.h
configure:4915: gcc -c -g -O2  conftest.c >&5
configure:4915: $? = 0
configure:4915: result: yes
configure:4915: checking for unistd.h
configure:4915: gcc -c -g -O2  conftest.c >&5
configure:4915: $? = 0
configure:4915: result: yes
configure:4927: checking for size_t
configure:4927: gcc -c -g -O2  conftest.c >&5
configure:4927: $? = 0
configure:4927: gcc -c -g -O2  conftest.c >&5
conftest.c: In function 'main':
conftest.c:63:21: error: expected expression before ')' token
configure:4927: $? = 1
configure: failed program was:
| /* confdefs.h */
| #define PACKAGE_NAME "CellWriter"
| #define PACKAGE_TARNAME "cellwriter"
| #define PACKAGE_VERSION "1.3.5"
| #define PACKAGE_STRING "CellWriter 1.3.5"
| #define PACKAGE_BUGREPORT "risujin@risujin.org"
| #define PACKAGE_URL ""
| #define PACKAGE "cellwriter"
| #define VERSION "1.3.5"
| #define CELLWRITER_URL "http://risujin.org/cellwriter"
| #define ICON_PATH "/icons/hicolor/scalable/apps/"
| #define HAVE_LIBM 1
| #define HAVE_LIBGTK_X11_2_0 1
| #define HAVE_LIBX11 1
| #define HAVE_LIBXTST 1
| #define STDC_HEADERS 1
| #define HAVE_SYS_TYPES_H 1
| #define HAVE_SYS_STAT_H 1
| #define HAVE_STDLIB_H 1
| #define HAVE_STRING_H 1
| #define HAVE_MEMORY_H 1
| #define HAVE_STRINGS_H 1
| #define HAVE_INTTYPES_H 1
| #define HAVE_STDINT_H 1
| #define HAVE_UNISTD_H 1
| /* end confdefs.h.  */
| #include <stdio.h>
| #ifdef HAVE_SYS_TYPES_H
| # include <sys/types.h>
| #endif
| #ifdef HAVE_SYS_STAT_H
| # include <sys/stat.h>
| #endif
| #ifdef STDC_HEADERS
| # include <stdlib.h>
| # include <stddef.h>
| #else
| # ifdef HAVE_STDLIB_H
| #  include <stdlib.h>
| # endif
| #endif
| #ifdef HAVE_STRING_H
| # if !defined STDC_HEADERS && defined HAVE_MEMORY_H
| #  include <memory.h>
| # endif
| # include <string.h>
| #endif
| #ifdef HAVE_STRINGS_H
| # include <strings.h>
| #endif
| #ifdef HAVE_INTTYPES_H
| # include <inttypes.h>
| #endif
| #ifdef HAVE_STDINT_H
| # include <stdint.h>
| #endif
| #ifdef HAVE_UNISTD_H
| # include <unistd.h>
| #endif
| int
| main ()
| {
| if (sizeof ((size_t)))
| 	    return 0;
|   ;
|   return 0;
| }
configure:4927: result: yes
configure:4940: checking return type of signal handlers
configure:4958: gcc -c -g -O2  conftest.c >&5
conftest.c: In function 'main':
conftest.c:33:1: error: void value not ignored as it ought to be
configure:4958: $? = 1
configure: failed program was:
| /* confdefs.h */
| #define PACKAGE_NAME "CellWriter"
| #define PACKAGE_TARNAME "cellwriter"
| #define PACKAGE_VERSION "1.3.5"
| #define PACKAGE_STRING "CellWriter 1.3.5"
| #define PACKAGE_BUGREPORT "risujin@risujin.org"
| #define PACKAGE_URL ""
| #define PACKAGE "cellwriter"
| #define VERSION "1.3.5"
| #define CELLWRITER_URL "http://risujin.org/cellwriter"
| #define ICON_PATH "/icons/hicolor/scalable/apps/"
| #define HAVE_LIBM 1
| #define HAVE_LIBGTK_X11_2_0 1
| #define HAVE_LIBX11 1
| #define HAVE_LIBXTST 1
| #define STDC_HEADERS 1
| #define HAVE_SYS_TYPES_H 1
| #define HAVE_SYS_STAT_H 1
| #define HAVE_STDLIB_H 1
| #define HAVE_STRING_H 1
| #define HAVE_MEMORY_H 1
| #define HAVE_STRINGS_H 1
| #define HAVE_INTTYPES_H 1
| #define HAVE_STDINT_H 1
| #define HAVE_UNISTD_H 1
| /* end confdefs.h.  */
| #include <sys/types.h>
| #include <signal.h>
| 
| int
| main ()
| {
| return *(signal (0, 0)) (0) == 1;
|   ;
|   return 0;
| }
configure:4965: result: void
configure:4975: checking for stdlib.h
configure:4975: result: yes
configure:4985: checking for GNU libc compatible malloc
configure:5009: gcc -o conftest -g -O2   conftest.c -lXtst -lX11 -lgtk-x11-2.0 -lm  >&5
configure:5009: $? = 0
configure:5009: ./conftest
configure:5009: $? = 0
configure:5019: result: yes
configure:5042: checking for stdlib.h
configure:5042: result: yes
configure:5052: checking for GNU libc compatible realloc
configure:5076: gcc -o conftest -g -O2   conftest.c -lXtst -lX11 -lgtk-x11-2.0 -lm  >&5
configure:5076: $? = 0
configure:5076: ./conftest
configure:5076: $? = 0
configure:5086: result: yes
configure:5110: checking for memmove
configure:5110: gcc -o conftest -g -O2   conftest.c -lXtst -lX11 -lgtk-x11-2.0 -lm  >&5
conftest.c:55:6: warning: conflicting types for built-in function 'memmove' [enabled by default]
configure:5110: $? = 0
configure:5110: result: yes
configure:5110: checking for memset
configure:5110: gcc -o conftest -g -O2   conftest.c -lXtst -lX11 -lgtk-x11-2.0 -lm  >&5
conftest.c:56:6: warning: conflicting types for built-in function 'memset' [enabled by default]
configure:5110: $? = 0
configure:5110: result: yes
configure:5110: checking for sqrt
configure:5110: gcc -o conftest -g -O2   conftest.c -lXtst -lX11 -lgtk-x11-2.0 -lm  >&5
conftest.c:57:6: warning: conflicting types for built-in function 'sqrt' [enabled by default]
configure:5110: $? = 0
configure:5110: result: yes
configure:5110: checking for strcasecmp
configure:5110: gcc -o conftest -g -O2   conftest.c -lXtst -lX11 -lgtk-x11-2.0 -lm  >&5
conftest.c:58:6: warning: conflicting types for built-in function 'strcasecmp' [enabled by default]
configure:5110: $? = 0
configure:5110: result: yes
configure:5256: creating ./config.status

## ---------------------- ##
## Running config.status. ##
## ---------------------- ##

This file was extended by CellWriter config.status 1.3.5, which was
generated by GNU Autoconf 2.69.  Invocation command line was

  CONFIG_FILES    = 
  CONFIG_HEADERS  = 
  CONFIG_LINKS    = 
  CONFIG_COMMANDS = 
  $ ./config.status 

on linux-csy

config.status:875: creating Makefile
config.status:875: creating config.h
config.status:1104: executing depfiles commands

## ---------------- ##
## Cache variables. ##
## ---------------- ##

ac_cv_c_compiler_gnu=yes
ac_cv_c_const=yes
ac_cv_c_inline=inline
ac_cv_env_CC_set=
ac_cv_env_CC_value=
ac_cv_env_CELLWRITER_URL_set=
ac_cv_env_CELLWRITER_URL_value=
ac_cv_env_CFLAGS_set=
ac_cv_env_CFLAGS_value=
ac_cv_env_CPPFLAGS_set=
ac_cv_env_CPPFLAGS_value=
ac_cv_env_CPP_set=
ac_cv_env_CPP_value=
ac_cv_env_GTK_CFLAGS_set=
ac_cv_env_GTK_CFLAGS_value=
ac_cv_env_GTK_LIBS_set=
ac_cv_env_GTK_LIBS_value=
ac_cv_env_LDFLAGS_set=
ac_cv_env_LDFLAGS_value=
ac_cv_env_LIBS_set=
ac_cv_env_LIBS_value=
ac_cv_env_PKG_CONFIG_LIBDIR_set=
ac_cv_env_PKG_CONFIG_LIBDIR_value=
ac_cv_env_PKG_CONFIG_PATH_set=
ac_cv_env_PKG_CONFIG_PATH_value=
ac_cv_env_PKG_CONFIG_set=
ac_cv_env_PKG_CONFIG_value=
ac_cv_env_XMKMF_set=
ac_cv_env_XMKMF_value=
ac_cv_env_build_alias_set=
ac_cv_env_build_alias_value=
ac_cv_env_host_alias_set=
ac_cv_env_host_alias_value=
ac_cv_env_target_alias_set=
ac_cv_env_target_alias_value=
ac_cv_func_malloc_0_nonnull=yes
ac_cv_func_memmove=yes
ac_cv_func_memset=yes
ac_cv_func_realloc_0_nonnull=yes
ac_cv_func_sqrt=yes
ac_cv_func_strcasecmp=yes
ac_cv_have_x='have_x=yes	ac_x_includes='\'''\''	ac_x_libraries='\'''\'''
ac_cv_header_inttypes_h=yes
ac_cv_header_memory_h=yes
ac_cv_header_stdc=yes
ac_cv_header_stdint_h=yes
ac_cv_header_stdlib_h=yes
ac_cv_header_string_h=yes
ac_cv_header_strings_h=yes
ac_cv_header_sys_stat_h=yes
ac_cv_header_sys_types_h=yes
ac_cv_header_unistd_h=yes
ac_cv_lib_X11_XChangeKeyboardMapping=yes
ac_cv_lib_Xtst_XTestFakeKeyEvent=yes
ac_cv_lib_gtk_x11_2_0_gtk_status_icon_new_from_file=yes
ac_cv_lib_m_atan2=yes
ac_cv_objext=o
ac_cv_path_EGREP='/bin/grep -E'
ac_cv_path_GREP=/bin/grep
ac_cv_path_ac_pt_PKG_CONFIG=/usr/bin/pkg-config
ac_cv_path_install='/usr/bin/install -c'
ac_cv_path_mkdir=/bin/mkdir
ac_cv_prog_AWK=gawk
ac_cv_prog_CPP='gcc -E'
ac_cv_prog_ac_ct_CC=gcc
ac_cv_prog_cc_c89=
ac_cv_prog_cc_g=yes
ac_cv_prog_make_make_set=yes
ac_cv_type_signal=void
ac_cv_type_size_t=yes
am_cv_CC_dependencies_compiler_type=gcc3
pkg_cv_GTK_CFLAGS='-pthread -I/usr/include/gtk-2.0 -I/usr/lib/i386-linux-gnu/gtk-2.0/include -I/usr/include/atk-1.0 -I/usr/include/cairo -I/usr/include/gdk-pixbuf-2.0 -I/usr/include/pango-1.0 -I/usr/include/gio-unix-2.0/ -I/usr/include/glib-2.0 -I/usr/lib/i386-linux-gnu/glib-2.0/include -I/usr/include/pixman-1 -I/usr/include/freetype2 -I/usr/include/libpng12  '
pkg_cv_GTK_LIBS='-lgtk-x11-2.0 -lgdk-x11-2.0 -latk-1.0 -lgio-2.0 -lpangoft2-1.0 -lpangocairo-1.0 -lgdk_pixbuf-2.0 -lcairo -lpango-1.0 -lfreetype -lfontconfig -lgobject-2.0 -lglib-2.0  '

## ----------------- ##
## Output variables. ##
## ----------------- ##

ACLOCAL='${SHELL} /home/linux/project/cellwriter/cellwriter-1.3.5/missing --run aclocal-1.11'
AMDEPBACKSLASH='\'
AMDEP_FALSE='#'
AMDEP_TRUE=''
AMTAR='$${TAR-tar}'
AUTOCONF='${SHELL} /home/linux/project/cellwriter/cellwriter-1.3.5/missing --run autoconf'
AUTOHEADER='${SHELL} /home/linux/project/cellwriter/cellwriter-1.3.5/missing --run autoheader'
AUTOMAKE='${SHELL} /home/linux/project/cellwriter/cellwriter-1.3.5/missing --run automake-1.11'
AWK='gawk'
CC='gcc'
CCDEPMODE='depmode=gcc3'
CELLWRITER_URL=''
CFLAGS='-g -O2'
CPP='gcc -E'
CPPFLAGS=''
CYGPATH_W='echo'
DEFS='-DHAVE_CONFIG_H'
DEPDIR='.deps'
ECHO_C=''
ECHO_N='-n'
ECHO_T=''
EGREP='/bin/grep -E'
EXEEXT=''
GREP='/bin/grep'
GTKSTATUSICON_FALSE='#'
GTKSTATUSICON_TRUE=''
GTK_CFLAGS='-pthread -I/usr/include/gtk-2.0 -I/usr/lib/i386-linux-gnu/gtk-2.0/include -I/usr/include/atk-1.0 -I/usr/include/cairo -I/usr/include/gdk-pixbuf-2.0 -I/usr/include/pango-1.0 -I/usr/include/gio-unix-2.0/ -I/usr/include/glib-2.0 -I/usr/lib/i386-linux-gnu/glib-2.0/include -I/usr/include/pixman-1 -I/usr/include/freetype2 -I/usr/include/libpng12  '
GTK_LIBS='-lgtk-x11-2.0 -lgdk-x11-2.0 -latk-1.0 -lgio-2.0 -lpangoft2-1.0 -lpangocairo-1.0 -lgdk_pixbuf-2.0 -lcairo -lpango-1.0 -lfreetype -lfontconfig -lgobject-2.0 -lglib-2.0  '
INSTALL_DATA='${INSTALL} -m 644'
INSTALL_PROGRAM='${INSTALL}'
INSTALL_SCRIPT='${INSTALL}'
INSTALL_STRIP_PROGRAM='$(install_sh) -c -s'
LDFLAGS=''
LIBOBJS=''
LIBS='-lXtst -lX11 -lgtk-x11-2.0 -lm '
LTLIBOBJS=''
MAKEINFO='${SHELL} /home/linux/project/cellwriter/cellwriter-1.3.5/missing --run makeinfo'
MKDIR_P='/bin/mkdir -p'
OBJEXT='o'
PACKAGE='cellwriter'
PACKAGE_BUGREPORT='risujin@risujin.org'
PACKAGE_NAME='CellWriter'
PACKAGE_STRING='CellWriter 1.3.5'
PACKAGE_TARNAME='cellwriter'
PACKAGE_URL=''
PACKAGE_VERSION='1.3.5'
PATH_SEPARATOR=':'
PKG_CONFIG='/usr/bin/pkg-config'
PKG_CONFIG_LIBDIR=''
PKG_CONFIG_PATH=''
SET_MAKE=''
SHELL='/bin/bash'
STRIP=''
VERSION='1.3.5'
XMKMF=''
ac_ct_CC='gcc'
am__EXEEXT_FALSE=''
am__EXEEXT_TRUE='#'
am__fastdepCC_FALSE='#'
am__fastdepCC_TRUE=''
am__include='include'
am__isrc=''
am__leading_dot='.'
am__nodep='_no'
am__quote=''
am__tar='$${TAR-tar} chof - "$$tardir"'
am__untar='$${TAR-tar} xf -'
bindir='${exec_prefix}/bin'
build_alias=''
datadir='${datarootdir}'
datarootdir='${prefix}/share'
docdir='${datarootdir}/doc/${PACKAGE_TARNAME}'
dvidir='${docdir}'
exec_prefix='${prefix}'
host_alias=''
htmldir='${docdir}'
includedir='${prefix}/include'
infodir='${datarootdir}/info'
install_sh='${SHELL} /home/linux/project/cellwriter/cellwriter-1.3.5/install-sh'
libdir='${exec_prefix}/lib'
libexecdir='${exec_prefix}/libexec'
localedir='${datarootdir}/locale'
localstatedir='${prefix}/var'
mandir='${datarootdir}/man'
mkdir_p='/bin/mkdir -p'
oldincludedir='/usr/include'
pdfdir='${docdir}'
prefix='/usr/local'
program_transform_name='s,x,x,'
psdir='${docdir}'
sbindir='${exec_prefix}/sbin'
sharedstatedir='${prefix}/com'
sysconfdir='${prefix}/etc'
target_alias=''

## ----------- ##
## confdefs.h. ##
## ----------- ##

/* confdefs.h */
#define PACKAGE_NAME "CellWriter"
#define PACKAGE_TARNAME "cellwriter"
#define PACKAGE_VERSION "1.3.5"
#define PACKAGE_STRING "CellWriter 1.3.5"
#define PACKAGE_BUGREPORT "risujin@risujin.org"
#define PACKAGE_URL ""
#define PACKAGE "cellwriter"
#define VERSION "1.3.5"
#define CELLWRITER_URL "http://risujin.org/cellwriter"
#define ICON_PATH "/icons/hicolor/scalable/apps/"
#define HAVE_LIBM 1
#define HAVE_LIBGTK_X11_2_0 1
#define HAVE_LIBX11 1
#define HAVE_LIBXTST 1
#define STDC_HEADERS 1
#define HAVE_SYS_TYPES_H 1
#define HAVE_SYS_STAT_H 1
#define HAVE_STDLIB_H 1
#define HAVE_STRING_H 1
#define HAVE_MEMORY_H 1
#define HAVE_STRINGS_H 1
#define HAVE_INTTYPES_H 1
#define HAVE_STDINT_H 1
#define HAVE_UNISTD_H 1
#define RETSIGTYPE void
#define HAVE_STDLIB_H 1
#define HAVE_MALLOC 1
#define HAVE_STDLIB_H 1
#define HAVE_REALLOC 1
#define HAVE_MEMMOVE 1
#define HAVE_MEMSET 1
#define HAVE_SQRT 1
#define HAVE_STRCASECMP 1

configure: exit 0
